22/03/14 10:08:29 INFO  smtpserver: SMTP Service uses default thread group.
22/03/14 10:08:29 INFO  smtpserver: SMTP Service is running on: ICBC
22/03/14 10:08:29 INFO  smtpserver: SMTP Service handler hello name is: ICBC
22/03/14 10:08:29 INFO  smtpserver: SMTP Service handler connection timeout is: 360000
22/03/14 10:08:29 INFO  smtpserver: SMTP Service connection backlog is: 5
22/03/14 10:08:29 INFO  smtpserver: SMTP Service will allow a maximum of 30 connections.
22/03/14 10:08:29 INFO  smtpserver: This SMTP server does not require authentication.
22/03/14 10:08:29 INFO  smtpserver: Authorized addresses: [127.0.0.0/255.0.0.0]
22/03/14 10:08:29 INFO  smtpserver: No maximum message size is enforced for this server.
22/03/14 10:08:29 INFO  smtpserver: The idle timeout will be reset every 20480 bytes.
22/03/14 10:08:29 INFO  smtpserver: Added Commandhandler: org.apache.james.smtpserver.VrfyCmdHandler
22/03/14 10:08:29 INFO  smtpserver: Added Commandhandler: org.apache.james.smtpserver.AuthCmdHandler
22/03/14 10:08:29 INFO  smtpserver: Added Commandhandler: org.apache.james.smtpserver.QuitCmdHandler
22/03/14 10:08:29 INFO  smtpserver: Added Commandhandler: org.apache.james.smtpserver.HelpCmdHandler
22/03/14 10:08:29 INFO  smtpserver: Added Commandhandler: org.apache.james.smtpserver.HeloCmdHandler
22/03/14 10:08:29 INFO  smtpserver: Added Commandhandler: org.apache.james.smtpserver.MailCmdHandler
22/03/14 10:08:29 INFO  smtpserver: Added Commandhandler: org.apache.james.smtpserver.DataCmdHandler
22/03/14 10:08:29 INFO  smtpserver: Added Commandhandler: org.apache.james.smtpserver.RcptCmdHandler
22/03/14 10:08:29 INFO  smtpserver: Added Commandhandler: org.apache.james.smtpserver.EhloCmdHandler
22/03/14 10:08:29 INFO  smtpserver: Added MessageHandler: org.apache.james.smtpserver.SendMailHandler
22/03/14 10:08:29 INFO  smtpserver: Added Commandhandler: org.apache.james.smtpserver.NoopCmdHandler
22/03/14 10:08:29 INFO  smtpserver: Added Commandhandler: org.apache.james.smtpserver.ExpnCmdHandler
22/03/14 10:08:29 INFO  smtpserver: Added Commandhandler: org.apache.james.smtpserver.RsetCmdHandler
22/03/14 10:08:29 INFO  smtpserver: SMTP Service started plain:25
