06/10/13 15:34:53 INFO  smtpserver: SMTP Service uses default thread group.
06/10/13 15:34:53 INFO  smtpserver: SMTP Service is running on: ICBC
06/10/13 15:34:53 INFO  smtpserver: SMTP Service handler hello name is: ICBC
06/10/13 15:34:53 INFO  smtpserver: SMTP Service handler connection timeout is: 360000
06/10/13 15:34:53 INFO  smtpserver: SMTP Service connection backlog is: 5
06/10/13 15:34:53 INFO  smtpserver: SMTP Service will allow a maximum of 30 connections.
06/10/13 15:34:53 INFO  smtpserver: This SMTP server does not require authentication.
06/10/13 15:34:53 INFO  smtpserver: Authorized addresses: [127.0.0.0/255.0.0.0]
06/10/13 15:34:53 INFO  smtpserver: No maximum message size is enforced for this server.
06/10/13 15:34:53 INFO  smtpserver: The idle timeout will be reset every 20480 bytes.
06/10/13 15:34:53 INFO  smtpserver: Added Commandhandler: org.apache.james.smtpserver.VrfyCmdHandler
06/10/13 15:34:53 INFO  smtpserver: Added Commandhandler: org.apache.james.smtpserver.AuthCmdHandler
06/10/13 15:34:53 INFO  smtpserver: Added Commandhandler: org.apache.james.smtpserver.QuitCmdHandler
06/10/13 15:34:53 INFO  smtpserver: Added Commandhandler: org.apache.james.smtpserver.HelpCmdHandler
06/10/13 15:34:53 INFO  smtpserver: Added Commandhandler: org.apache.james.smtpserver.HeloCmdHandler
06/10/13 15:34:53 INFO  smtpserver: Added Commandhandler: org.apache.james.smtpserver.MailCmdHandler
06/10/13 15:34:53 INFO  smtpserver: Added Commandhandler: org.apache.james.smtpserver.DataCmdHandler
06/10/13 15:34:53 INFO  smtpserver: Added Commandhandler: org.apache.james.smtpserver.RcptCmdHandler
06/10/13 15:34:53 INFO  smtpserver: Added Commandhandler: org.apache.james.smtpserver.EhloCmdHandler
06/10/13 15:34:53 INFO  smtpserver: Added MessageHandler: org.apache.james.smtpserver.SendMailHandler
06/10/13 15:34:53 INFO  smtpserver: Added Commandhandler: org.apache.james.smtpserver.NoopCmdHandler
06/10/13 15:34:53 INFO  smtpserver: Added Commandhandler: org.apache.james.smtpserver.ExpnCmdHandler
06/10/13 15:34:53 INFO  smtpserver: Added Commandhandler: org.apache.james.smtpserver.RsetCmdHandler
06/10/13 15:34:53 INFO  smtpserver: SMTP Service started plain:25
06/10/13 15:35:31 INFO  smtpserver: Connection from www.bandicam.com (127.0.0.1)
06/10/13 15:35:31 INFO  smtpserver: Successfully spooled mail Mail1381044931187-0 from admin@yangnaihua.cn on 127.0.0.1 for [yangnaihua.2008@163.com]
