03/12/13 11:50:09 INFO  smtpserver: SMTP Service uses default thread group.
03/12/13 11:50:09 INFO  smtpserver: SMTP Service is running on: ICBC
03/12/13 11:50:09 INFO  smtpserver: SMTP Service handler hello name is: ICBC
03/12/13 11:50:09 INFO  smtpserver: SMTP Service handler connection timeout is: 360000
03/12/13 11:50:09 INFO  smtpserver: SMTP Service connection backlog is: 5
03/12/13 11:50:09 INFO  smtpserver: SMTP Service will allow a maximum of 30 connections.
03/12/13 11:50:09 INFO  smtpserver: This SMTP server does not require authentication.
03/12/13 11:50:09 INFO  smtpserver: Authorized addresses: [127.0.0.0/255.0.0.0]
03/12/13 11:50:09 INFO  smtpserver: No maximum message size is enforced for this server.
03/12/13 11:50:09 INFO  smtpserver: The idle timeout will be reset every 20480 bytes.
03/12/13 11:50:09 INFO  smtpserver: Added Commandhandler: org.apache.james.smtpserver.VrfyCmdHandler
03/12/13 11:50:09 INFO  smtpserver: Added Commandhandler: org.apache.james.smtpserver.AuthCmdHandler
03/12/13 11:50:09 INFO  smtpserver: Added Commandhandler: org.apache.james.smtpserver.QuitCmdHandler
03/12/13 11:50:09 INFO  smtpserver: Added Commandhandler: org.apache.james.smtpserver.HelpCmdHandler
03/12/13 11:50:09 INFO  smtpserver: Added Commandhandler: org.apache.james.smtpserver.HeloCmdHandler
03/12/13 11:50:09 INFO  smtpserver: Added Commandhandler: org.apache.james.smtpserver.MailCmdHandler
03/12/13 11:50:09 INFO  smtpserver: Added Commandhandler: org.apache.james.smtpserver.DataCmdHandler
03/12/13 11:50:09 INFO  smtpserver: Added Commandhandler: org.apache.james.smtpserver.RcptCmdHandler
03/12/13 11:50:09 INFO  smtpserver: Added Commandhandler: org.apache.james.smtpserver.EhloCmdHandler
03/12/13 11:50:09 INFO  smtpserver: Added MessageHandler: org.apache.james.smtpserver.SendMailHandler
03/12/13 11:50:09 INFO  smtpserver: Added Commandhandler: org.apache.james.smtpserver.NoopCmdHandler
03/12/13 11:50:09 INFO  smtpserver: Added Commandhandler: org.apache.james.smtpserver.ExpnCmdHandler
03/12/13 11:50:09 INFO  smtpserver: Added Commandhandler: org.apache.james.smtpserver.RsetCmdHandler
03/12/13 11:50:09 INFO  smtpserver: SMTP Service started plain:25
03/12/13 11:50:16 INFO  smtpserver: Connection from www.bandicam.com (127.0.0.1)
03/12/13 11:50:16 INFO  smtpserver: Successfully spooled mail Mail1386042616611-0 from admin@yangnaihua.cn on 127.0.0.1 for [yangnaihua.2008@163.com]
